<?xml version="1.0" encoding="UTF-8"?>
<testsuite name="com.aub.AubSystemServiceApplicationTests" tests="1" skipped="0" failures="0" errors="0" timestamp="2020-01-14T10:06:03" hostname="CHMB123441.local" time="0.584">
  <properties/>
  <testcase name="contextLoads()" classname="com.aub.AubSystemServiceApplicationTests" time="0.584"/>
  <system-out><![CDATA[15:35:59.558 [Test worker] DEBUG org.springframework.test.context.BootstrapUtils - Instantiating CacheAwareContextLoaderDelegate from class [org.springframework.test.context.cache.DefaultCacheAwareContextLoaderDelegate]
15:35:59.576 [Test worker] DEBUG org.springframework.test.context.BootstrapUtils - Instantiating BootstrapContext using constructor [public org.springframework.test.context.support.DefaultBootstrapContext(java.lang.Class,org.springframework.test.context.CacheAwareContextLoaderDelegate)]
15:35:59.607 [Test worker] DEBUG org.springframework.test.context.BootstrapUtils - Instantiating TestContextBootstrapper for test class [com.aub.AubSystemServiceApplicationTests] from class [org.springframework.boot.test.context.SpringBootTestContextBootstrapper]
15:35:59.627 [Test worker] INFO org.springframework.boot.test.context.SpringBootTestContextBootstrapper - Neither @ContextConfiguration nor @ContextHierarchy found for test class [com.aub.AubSystemServiceApplicationTests], using SpringBootContextLoader
15:35:59.631 [Test worker] DEBUG org.springframework.test.context.support.AbstractContextLoader - Did not detect default resource location for test class [com.aub.AubSystemServiceApplicationTests]: class path resource [com/aub/AubSystemServiceApplicationTests-context.xml] does not exist
15:35:59.632 [Test worker] DEBUG org.springframework.test.context.support.AbstractContextLoader - Did not detect default resource location for test class [com.aub.AubSystemServiceApplicationTests]: class path resource [com/aub/AubSystemServiceApplicationTestsContext.groovy] does not exist
15:35:59.633 [Test worker] INFO org.springframework.test.context.support.AbstractContextLoader - Could not detect default resource locations for test class [com.aub.AubSystemServiceApplicationTests]: no resource found for suffixes {-context.xml, Context.groovy}.
15:35:59.634 [Test worker] INFO org.springframework.test.context.support.AnnotationConfigContextLoaderUtils - Could not detect default configuration classes for test class [com.aub.AubSystemServiceApplicationTests]: AubSystemServiceApplicationTests does not declare any static, non-private, non-final, nested classes annotated with @Configuration.
15:35:59.681 [Test worker] DEBUG org.springframework.test.context.support.ActiveProfilesUtils - Could not find an 'annotation declaring class' for annotation type [org.springframework.test.context.ActiveProfiles] and class [com.aub.AubSystemServiceApplicationTests]
15:35:59.751 [Test worker] DEBUG org.springframework.context.annotation.ClassPathScanningCandidateComponentProvider - Identified candidate component class: file [/Users/tamilselvan_g/.jenkins/workspace/Gradle2/aub-branch-locator/aub-system-service/build/classes/java/main/com/aub/AubSystemServiceApplication.class]
15:35:59.784 [Test worker] INFO org.springframework.boot.test.context.SpringBootTestContextBootstrapper - Found @SpringBootConfiguration com.aub.AubSystemServiceApplication for test class com.aub.AubSystemServiceApplicationTests
15:35:59.873 [Test worker] DEBUG org.springframework.boot.test.context.SpringBootTestContextBootstrapper - @TestExecutionListeners is not present for class [com.aub.AubSystemServiceApplicationTests]: using defaults.
15:35:59.874 [Test worker] INFO org.springframework.boot.test.context.SpringBootTestContextBootstrapper - Loaded default TestExecutionListener class names from location [META-INF/spring.factories]: [org.springframework.boot.test.autoconfigure.restdocs.RestDocsTestExecutionListener, org.springframework.boot.test.autoconfigure.web.client.MockRestServiceServerResetTestExecutionListener, org.springframework.boot.test.autoconfigure.web.servlet.MockMvcPrintOnlyOnFailureTestExecutionListener, org.springframework.boot.test.autoconfigure.web.servlet.WebDriverTestExecutionListener, org.springframework.boot.test.mock.mockito.MockitoTestExecutionListener, org.springframework.boot.test.mock.mockito.ResetMocksTestExecutionListener, org.springframework.test.context.web.ServletTestExecutionListener, org.springframework.test.context.support.DirtiesContextBeforeModesTestExecutionListener, org.springframework.test.context.support.DependencyInjectionTestExecutionListener, org.springframework.test.context.support.DirtiesContextTestExecutionListener, org.springframework.test.context.transaction.TransactionalTestExecutionListener, org.springframework.test.context.jdbc.SqlScriptsTestExecutionListener, org.springframework.test.context.event.EventPublishingTestExecutionListener]
15:35:59.887 [Test worker] DEBUG org.springframework.boot.test.context.SpringBootTestContextBootstrapper - Skipping candidate TestExecutionListener [org.springframework.test.context.transaction.TransactionalTestExecutionListener] due to a missing dependency. Specify custom listener classes or make the default listener classes and their required dependencies available. Offending class: [org/springframework/transaction/interceptor/TransactionAttributeSource]
15:35:59.888 [Test worker] DEBUG org.springframework.boot.test.context.SpringBootTestContextBootstrapper - Skipping candidate TestExecutionListener [org.springframework.test.context.jdbc.SqlScriptsTestExecutionListener] due to a missing dependency. Specify custom listener classes or make the default listener classes and their required dependencies available. Offending class: [org/springframework/transaction/interceptor/TransactionAttribute]
15:35:59.888 [Test worker] INFO org.springframework.boot.test.context.SpringBootTestContextBootstrapper - Using TestExecutionListeners: [org.springframework.test.context.web.ServletTestExecutionListener@269e5f8a, org.springframework.test.context.support.DirtiesContextBeforeModesTestExecutionListener@6e1dbfb8, org.springframework.boot.test.mock.mockito.MockitoTestExecutionListener@429f8344, org.springframework.boot.test.autoconfigure.SpringBootDependencyInjectionTestExecutionListener@2366219c, org.springframework.test.context.support.DirtiesContextTestExecutionListener@77d05875, org.springframework.test.context.event.EventPublishingTestExecutionListener@74b3c948, org.springframework.boot.test.autoconfigure.restdocs.RestDocsTestExecutionListener@4a88f139, org.springframework.boot.test.autoconfigure.web.client.MockRestServiceServerResetTestExecutionListener@58705335, org.springframework.boot.test.autoconfigure.web.servlet.MockMvcPrintOnlyOnFailureTestExecutionListener@2d96abbe, org.springframework.boot.test.autoconfigure.web.servlet.WebDriverTestExecutionListener@4705decd, org.springframework.boot.test.mock.mockito.ResetMocksTestExecutionListener@4a09ee2d]
15:35:59.894 [Test worker] DEBUG org.springframework.test.context.support.AbstractDirtiesContextTestExecutionListener - Before test class: context [DefaultTestContext@1c234dc4 testClass = AubSystemServiceApplicationTests, testInstance = [null], testMethod = [null], testException = [null], mergedContextConfiguration = [WebMergedContextConfiguration@5e75c103 testClass = AubSystemServiceApplicationTests, locations = '{}', classes = '{class com.aub.AubSystemServiceApplication}', contextInitializerClasses = '[]', activeProfiles = '{}', propertySourceLocations = '{}', propertySourceProperties = '{org.springframework.boot.test.context.SpringBootTestContextBootstrapper=true}', contextCustomizers = set[org.springframework.boot.test.autoconfigure.properties.PropertyMappingContextCustomizer@0, org.springframework.boot.test.autoconfigure.web.servlet.WebDriverContextCustomizerFactory$Customizer@4a711b11, org.springframework.boot.test.context.filter.ExcludeFilterContextCustomizer@51f200c, org.springframework.boot.test.json.DuplicateJsonObjectContextCustomizerFactory$DuplicateJsonObjectContextCustomizer@373dee0f, org.springframework.boot.test.mock.mockito.MockitoContextCustomizer@0, org.springframework.boot.test.web.client.TestRestTemplateContextCustomizer@65fae09a], resourceBasePath = 'src/main/webapp', contextLoader = 'org.springframework.boot.test.context.SpringBootContextLoader', parent = [null]], attributes = map['org.springframework.test.context.web.ServletTestExecutionListener.activateListener' -> true]], class annotated with @DirtiesContext [false] with mode [null].
15:35:59.924 [Test worker] DEBUG org.springframework.test.context.support.TestPropertySourceUtils - Adding inlined properties to environment: {spring.jmx.enabled=false, org.springframework.boot.test.context.SpringBootTestContextBootstrapper=true, server.port=-1}

  .   ____          _            __ _ _
 /\\ / ___'_ __ _ _(_)_ __  __ _ \ \ \ \
( ( )\___ | '_ | '_| | '_ \/ _` | \ \ \ \
 \\/  ___)| |_)| | | | | || (_| |  ) ) ) )
  '  |____| .__|_| |_|_| |_\__, | / / / /
 =========|_|==============|___/=/_/_/_/
 :: Spring Boot ::        (v2.2.2.RELEASE)

2020-01-14 15:36:00.462  INFO 19402 --- [    Test worker] c.aub.AubSystemServiceApplicationTests   : Starting AubSystemServiceApplicationTests on CHMB123441.local with PID 19402 (started by tamilselvan_g in /Users/tamilselvan_g/.jenkins/workspace/Gradle2/aub-branch-locator/aub-system-service)
2020-01-14 15:36:00.466  INFO 19402 --- [    Test worker] c.aub.AubSystemServiceApplicationTests   : No active profile set, falling back to default profiles: default
2020-01-14 15:36:02.556  INFO 19402 --- [    Test worker] o.s.s.concurrent.ThreadPoolTaskExecutor  : Initializing ExecutorService 'applicationTaskExecutor'
2020-01-14 15:36:02.895  INFO 19402 --- [    Test worker] d.s.w.p.DocumentationPluginsBootstrapper : Context refreshed
2020-01-14 15:36:02.912  INFO 19402 --- [    Test worker] d.s.w.p.DocumentationPluginsBootstrapper : Found 1 custom documentation plugin(s)
2020-01-14 15:36:02.928  INFO 19402 --- [    Test worker] s.d.s.w.s.ApiListingReferenceScanner     : Scanning for api listing references
2020-01-14 15:36:03.065  INFO 19402 --- [    Test worker] c.aub.AubSystemServiceApplicationTests   : Started AubSystemServiceApplicationTests in 3.13 seconds (JVM running for 4.582)
]]></system-out>
  <system-err><![CDATA[]]></system-err>
</testsuite>
